2024-12-23 18:42:39: 
> jali-xero@0.1.0 start
> next start -p 4040

2024-12-24 05:21:13: 
> jali-xero@0.1.0 start
> next start

2024-12-24 05:34:18:    ▲ Next.js 15.1.0
2024-12-24 05:34:18:    - Local:        http://localhost:3000
2024-12-24 05:34:18:    - Network:      http://104.248.25.206:3000
2024-12-24 05:34:18: 
2024-12-24 05:34:18:  ✓ Starting...
2024-12-24 05:34:19:  ✓ Ready in 958ms
2024-12-24 06:59:16:    ▲ Next.js 15.1.0
2024-12-24 06:59:16:    - Local:        http://localhost:3000
2024-12-24 06:59:16:    - Network:      http://104.248.25.206:3000
2024-12-24 06:59:16: 
2024-12-24 06:59:16:  ✓ Starting...
2024-12-24 06:59:16:  ✓ Ready in 744ms
2024-12-28 16:20:15:    ▲ Next.js 15.1.0
2024-12-28 16:20:15:    - Local:        http://localhost:3000
2024-12-28 16:20:15:    - Network:      http://104.248.25.206:3000
2024-12-28 16:20:15: 
2024-12-28 16:20:15:  ✓ Starting...
2024-12-28 16:20:15:  ✓ Ready in 796ms
2024-12-28 16:57:12:    ▲ Next.js 15.1.0
2024-12-28 16:57:12:    - Local:        http://localhost:3000
2024-12-28 16:57:12:    - Network:      http://104.248.25.206:3000
2024-12-28 16:57:12: 
2024-12-28 16:57:12:  ✓ Starting...
2024-12-28 16:57:12:  ✓ Ready in 728ms
